{"synthetic": false,
 "schemaVersion": "2025-09-10",
 "outputs": null,
 "log":
 [{"message":
   ".> ELAN=elan ELAN_HOME=/home/runner/.elan ELAN_TOOLCHAIN=leanprover/lean4-nightly:nightly-2026-04-27 LAKE=/home/runner/.elan/toolchains/leanprover--lean4-nightly---nightly-2026-04-27/bin/lake LAKE_HOME=/home/runner/.elan/toolchains/leanprover--lean4-nightly---nightly-2026-04-27 LAKE_CONFIG=/home/runner/.lake/config.toml LAKE_PKG_URL_MAP={} LAKE_NO_CACHE=false LAKE_CACHE_KEY= LAKE_CACHE_ARTIFACT_ENDPOINT= LAKE_CACHE_REVISION_ENDPOINT= LAKE_CACHE_SERVICE= LEAN=/home/runner/.elan/toolchains/leanprover--lean4-nightly---nightly-2026-04-27/bin/lean LEAN_SYSROOT=/home/runner/.elan/toolchains/leanprover--lean4-nightly---nightly-2026-04-27 LEAN_AR=/home/runner/.elan/toolchains/leanprover--lean4-nightly---nightly-2026-04-27/bin/llvm-ar LEAN_CC= LAKE_CACHE_DIR=/home/runner/.elan/toolchains/leanprover--lean4-nightly---nightly-2026-04-27/lake/cache LAKE_ARTIFACT_CACHE= LEAN_PATH=/home/runner/work/veir/veir/.lake/packages/MD4Lean/.lake/build/lib/lean:/home/runner/work/veir/veir/.lake/packages/BibtexQuery/.lake/build/lib/lean:/home/runner/work/veir/veir/.lake/packages/UnicodeBasic/.lake/build/lib/lean:/home/runner/work/veir/veir/.lake/packages/Cli/.lake/build/lib/lean:/home/runner/work/veir/veir/.lake/build/lib/lean:/home/runner/work/veir/veir/.lake/packages/doc-gen4/.lake/build/lib/lean:/home/runner/work/veir/veir/docbuild/.lake/build/lib/lean:/home/runner/.elan/toolchains/leanprover--lean4-nightly---nightly-2026-04-27/lib/lean LEAN_SRC_PATH=/home/runner/work/veir/veir/.lake/packages/MD4Lean:/home/runner/work/veir/veir/.lake/packages/MD4Lean:/home/runner/work/veir/veir/.lake/packages/BibtexQuery:/home/runner/work/veir/veir/.lake/packages/UnicodeBasic:/home/runner/work/veir/veir/.lake/packages/UnicodeBasic:/home/runner/work/veir/veir/.lake/packages/Cli:/home/runner/work/veir/veir/.lake/packages/Cli:/home/runner/work/veir/veir:/home/runner/work/veir/veir:/home/runner/work/veir/veir/.lake/packages/doc-gen4:/home/runner/.elan/toolchains/leanprover--lean4-nightly---nightly-2026-04-27/src/lean/lake LEAN_GITHASH=3c6317b6d77a565b4217532d1190ac6955dba842 PATH LD_LIBRARY_PATH=/home/runner/.elan/toolchains/leanprover--lean4-nightly---nightly-2026-04-27/lib/lean:/home/runner/.elan/toolchains/leanprover--lean4-nightly---nightly-2026-04-27/lib:/home/runner/work/veir/veir/docbuild/.lake/build/lib:/home/runner/work/veir/veir/.lake/packages/doc-gen4/.lake/build/lib:/home/runner/work/veir/veir/.lake/build/lib:/home/runner/work/veir/veir/.lake/packages/Cli/.lake/build/lib:/home/runner/work/veir/veir/.lake/packages/UnicodeBasic/.lake/build/lib:/home/runner/work/veir/veir/.lake/packages/BibtexQuery/.lake/build/lib:/home/runner/work/veir/veir/.lake/packages/MD4Lean/.lake/build/lib /home/runner/work/veir/veir/.lake/packages/doc-gen4/.lake/build/bin/doc-gen4 single --build /home/runner/work/veir/veir/docbuild/.lake/build Veir.Interpreter.Basic https://github.com/opencompl/veir/blob/96dfbf8a933b8bc9ac5461dbb5fd8cfc48a9c5a4/Veir/Interpreter/Basic.lean",
   "level": "trace"},
  {"message":
   "stdout:\nWARNING: Failed to calculate equational lemmata for Veir.interpretOp': Tactic `simp` failed with a nested error:\n(deterministic) timeout at `isDefEq`, maximum number of heartbeats (5000) has been reached\n\nNote: Use `set_option maxHeartbeats <num>` to set the limit.\n\nHint: Additional diagnostic information may be available using the `set_option diagnostics true` command.",
   "level": "info"}],
 "inputs":
 [["<collection>",
   [["/home/runner/work/veir/veir/docbuild/.lake/build/doc/Veir/IR/Basic.html",
     "312fe01181f5fa0b"],
    ["/home/runner/work/veir/veir/docbuild/.lake/build/doc/Veir/Rewriter/Basic.html",
     "a4462b51a7a975a8"],
    ["/home/runner/work/veir/veir/docbuild/.lake/build/doc/Veir/ForLean.html",
     "0241e23fd591f8ca"],
    ["/home/runner/work/veir/veir/docbuild/.lake/build/doc/Veir/IR/WellFormed.html",
     "3577cea700f9be2d"],
    ["/home/runner/work/veir/veir/docbuild/.lake/build/doc/Veir/PatternRewriter/Basic.html",
     "ac6e020b2b61732c"],
    ["/home/runner/work/veir/veir/docbuild/.lake/build/doc/Veir/Data/LLVM/Int/Basic.html",
     "61ee35b60d929868"],
    ["/home/runner/work/veir/veir/docbuild/.lake/build/doc/Veir/Data/RISCV/Reg/Basic.html",
     "1aa020912e9ab369"],
    ["/home/runner/work/veir/veir/docbuild/.lake/build/doc/Veir/Data/Casting.html",
     "59d2b8196bcf2a49"],
    ["/home/runner/work/veir/veir/docbuild/.lake/build/doc/Veir/Properties.html",
     "da5eef6e47d99dfe"],
    ["/home/runner/work/veir/veir/docbuild/.lake/build/doc/Veir/GlobalOpInfo.html",
     "1d65e146f1407755"]]],
  ["/home/runner/work/veir/veir/docbuild/.lake/build/doc-data/references.json",
   "16fb262bc340d332"],
  ["/home/runner/work/veir/veir/.lake/packages/doc-gen4/.lake/build/bin/doc-gen4",
   "54c5040590de96df"],
  ["Veir.Interpreter.Basic:leanArts", "02b0c641e37677b2"]],
 "depHash": "3c006c23e20e3258"}