{"synthetic": false,
 "schemaVersion": "2025-09-10",
 "outputs": null,
 "log":
 [{"message":
   ".> ELAN=elan ELAN_HOME=/home/runner/.elan ELAN_TOOLCHAIN=leanprover/lean4-nightly:nightly-2026-05-14 LAKE=/home/runner/.elan/toolchains/leanprover--lean4-nightly---nightly-2026-05-14/bin/lake LAKE_HOME=/home/runner/.elan/toolchains/leanprover--lean4-nightly---nightly-2026-05-14 LAKE_CONFIG=/home/runner/.lake/config.toml LAKE_PKG_URL_MAP={} LAKE_NO_CACHE=false LAKE_CACHE_KEY= LAKE_CACHE_ARTIFACT_ENDPOINT= LAKE_CACHE_REVISION_ENDPOINT= LAKE_CACHE_SERVICE= LEAN=/home/runner/.elan/toolchains/leanprover--lean4-nightly---nightly-2026-05-14/bin/lean LEAN_SYSROOT=/home/runner/.elan/toolchains/leanprover--lean4-nightly---nightly-2026-05-14 LEAN_AR=/home/runner/.elan/toolchains/leanprover--lean4-nightly---nightly-2026-05-14/bin/llvm-ar LEAN_CC= LAKE_CACHE_DIR=/home/runner/.elan/toolchains/leanprover--lean4-nightly---nightly-2026-05-14/lake/cache LAKE_ARTIFACT_CACHE= LEAN_PATH=/home/runner/work/veir/veir/.lake/packages/MD4Lean/.lake/build/lib/lean:/home/runner/work/veir/veir/.lake/packages/BibtexQuery/.lake/build/lib/lean:/home/runner/work/veir/veir/.lake/packages/UnicodeBasic/.lake/build/lib/lean:/home/runner/work/veir/veir/.lake/packages/Cli/.lake/build/lib/lean:/home/runner/work/veir/veir/.lake/build/lib/lean:/home/runner/work/veir/veir/.lake/packages/doc-gen4/.lake/build/lib/lean:/home/runner/work/veir/veir/docbuild/.lake/build/lib/lean:/home/runner/.elan/toolchains/leanprover--lean4-nightly---nightly-2026-05-14/lib/lean LEAN_SRC_PATH=/home/runner/work/veir/veir/.lake/packages/MD4Lean:/home/runner/work/veir/veir/.lake/packages/MD4Lean:/home/runner/work/veir/veir/.lake/packages/BibtexQuery:/home/runner/work/veir/veir/.lake/packages/UnicodeBasic:/home/runner/work/veir/veir/.lake/packages/UnicodeBasic:/home/runner/work/veir/veir/.lake/packages/Cli:/home/runner/work/veir/veir/.lake/packages/Cli:/home/runner/work/veir/veir:/home/runner/work/veir/veir:/home/runner/work/veir/veir/.lake/packages/doc-gen4:/home/runner/.elan/toolchains/leanprover--lean4-nightly---nightly-2026-05-14/src/lean/lake LEAN_GITHASH=803553a556fd82fa1060efb0c43eda542130cb16 PATH LD_LIBRARY_PATH=/home/runner/.elan/toolchains/leanprover--lean4-nightly---nightly-2026-05-14/lib/lean:/home/runner/.elan/toolchains/leanprover--lean4-nightly---nightly-2026-05-14/lib:/home/runner/work/veir/veir/docbuild/.lake/build/lib:/home/runner/work/veir/veir/.lake/packages/doc-gen4/.lake/build/lib:/home/runner/work/veir/veir/.lake/build/lib:/home/runner/work/veir/veir/.lake/packages/Cli/.lake/build/lib:/home/runner/work/veir/veir/.lake/packages/UnicodeBasic/.lake/build/lib:/home/runner/work/veir/veir/.lake/packages/BibtexQuery/.lake/build/lib:/home/runner/work/veir/veir/.lake/packages/MD4Lean/.lake/build/lib /home/runner/work/veir/veir/.lake/packages/doc-gen4/.lake/build/bin/doc-gen4 single --build /home/runner/work/veir/veir/docbuild/.lake/build Veir https://github.com/opencompl/veir/blob/0bc4af8de6f9323a28dedebc953a20cf6ad0502f/Veir.lean",
   "level": "trace"}],
 "inputs":
 [["<collection>",
   [["/home/runner/work/veir/veir/docbuild/.lake/build/doc/Veir/Data.html",
     "32521e5c1c80aaaf"],
    ["/home/runner/work/veir/veir/docbuild/.lake/build/doc/Veir/IR/Basic.html",
     "d1de629e51e314c3"],
    ["/home/runner/work/veir/veir/docbuild/.lake/build/doc/Veir/IR/Fields.html",
     "b4ccfa767372105e"],
    ["/home/runner/work/veir/veir/docbuild/.lake/build/doc/Veir/IR/WellFormed.html",
     "3704b1a2028aa20a"],
    ["/home/runner/work/veir/veir/docbuild/.lake/build/doc/Veir/Rewriter/LinkedList/WellFormed.html",
     "030e3521719c77e5"],
    ["/home/runner/work/veir/veir/docbuild/.lake/build/doc/Veir/Rewriter/WellFormed.html",
     "5b9e1fece5df98f1"],
    ["/home/runner/work/veir/veir/docbuild/.lake/build/doc/Veir/Rewriter/InlineBlock.html",
     "fa31918362ac5854"],
    ["/home/runner/work/veir/veir/docbuild/.lake/build/doc/Veir/Rewriter/WfRewriter.html",
     "8048f7f836f32f28"],
    ["/home/runner/work/veir/veir/docbuild/.lake/build/doc/Veir/Printer.html",
     "f250cd0232815938"],
    ["/home/runner/work/veir/veir/docbuild/.lake/build/doc/Veir/PatternRewriter/Basic.html",
     "afbb0888fde819d4"],
    ["/home/runner/work/veir/veir/docbuild/.lake/build/doc/Veir/Benchmarks.html",
     "776fcdfce9d527a8"],
    ["/home/runner/work/veir/veir/docbuild/.lake/build/doc/Veir/Parser/Lexer.html",
     "e7f7d9e95c7ed7c2"],
    ["/home/runner/work/veir/veir/docbuild/.lake/build/doc/Veir/Interpreter.html",
     "3434a85fefd15d97"],
    ["/home/runner/work/veir/veir/docbuild/.lake/build/doc/Veir/Dominance.html",
     "adde338d4ced0a66"]]],
  ["/home/runner/work/veir/veir/docbuild/.lake/build/doc-data/references.json",
   "16fb262bc340d332"],
  ["/home/runner/work/veir/veir/.lake/packages/doc-gen4/.lake/build/bin/doc-gen4",
   "121854ba932c77c6"],
  ["Veir:leanArts", "8d73695b146a4d8d"]],
 "depHash": "68b6a96ad60be16a"}