{"synthetic": false,
 "schemaVersion": "2025-09-10",
 "outputs": null,
 "log":
 [{"message":
   ".> ELAN=elan ELAN_HOME=/home/runner/.elan ELAN_TOOLCHAIN=leanprover/lean4-nightly:nightly-2026-04-24 LAKE=/home/runner/.elan/toolchains/leanprover--lean4-nightly---nightly-2026-04-24/bin/lake LAKE_HOME=/home/runner/.elan/toolchains/leanprover--lean4-nightly---nightly-2026-04-24 LAKE_CONFIG=/home/runner/.lake/config.toml LAKE_PKG_URL_MAP={} LAKE_NO_CACHE=false LAKE_CACHE_KEY= LAKE_CACHE_ARTIFACT_ENDPOINT= LAKE_CACHE_REVISION_ENDPOINT= LAKE_CACHE_SERVICE= LEAN=/home/runner/.elan/toolchains/leanprover--lean4-nightly---nightly-2026-04-24/bin/lean LEAN_SYSROOT=/home/runner/.elan/toolchains/leanprover--lean4-nightly---nightly-2026-04-24 LEAN_AR=/home/runner/.elan/toolchains/leanprover--lean4-nightly---nightly-2026-04-24/bin/llvm-ar LEAN_CC= LAKE_CACHE_DIR=/home/runner/.elan/toolchains/leanprover--lean4-nightly---nightly-2026-04-24/lake/cache LAKE_ARTIFACT_CACHE= LEAN_PATH=/home/runner/work/veir/veir/.lake/packages/MD4Lean/.lake/build/lib/lean:/home/runner/work/veir/veir/.lake/packages/BibtexQuery/.lake/build/lib/lean:/home/runner/work/veir/veir/.lake/packages/UnicodeBasic/.lake/build/lib/lean:/home/runner/work/veir/veir/.lake/packages/Cli/.lake/build/lib/lean:/home/runner/work/veir/veir/.lake/build/lib/lean:/home/runner/work/veir/veir/.lake/packages/doc-gen4/.lake/build/lib/lean:/home/runner/work/veir/veir/docbuild/.lake/build/lib/lean:/home/runner/.elan/toolchains/leanprover--lean4-nightly---nightly-2026-04-24/lib/lean LEAN_SRC_PATH=/home/runner/work/veir/veir/.lake/packages/MD4Lean:/home/runner/work/veir/veir/.lake/packages/MD4Lean:/home/runner/work/veir/veir/.lake/packages/BibtexQuery:/home/runner/work/veir/veir/.lake/packages/UnicodeBasic:/home/runner/work/veir/veir/.lake/packages/UnicodeBasic:/home/runner/work/veir/veir/.lake/packages/Cli:/home/runner/work/veir/veir/.lake/packages/Cli:/home/runner/work/veir/veir:/home/runner/work/veir/veir:/home/runner/work/veir/veir/.lake/packages/doc-gen4:/home/runner/.elan/toolchains/leanprover--lean4-nightly---nightly-2026-04-24/src/lean/lake LEAN_GITHASH=2e48cd293ae3d8743949baefe6788bd3089dbe13 PATH LD_LIBRARY_PATH=/home/runner/.elan/toolchains/leanprover--lean4-nightly---nightly-2026-04-24/lib/lean:/home/runner/.elan/toolchains/leanprover--lean4-nightly---nightly-2026-04-24/lib:/home/runner/work/veir/veir/docbuild/.lake/build/lib:/home/runner/work/veir/veir/.lake/packages/doc-gen4/.lake/build/lib:/home/runner/work/veir/veir/.lake/build/lib:/home/runner/work/veir/veir/.lake/packages/Cli/.lake/build/lib:/home/runner/work/veir/veir/.lake/packages/UnicodeBasic/.lake/build/lib:/home/runner/work/veir/veir/.lake/packages/BibtexQuery/.lake/build/lib:/home/runner/work/veir/veir/.lake/packages/MD4Lean/.lake/build/lib /home/runner/work/veir/veir/.lake/packages/doc-gen4/.lake/build/bin/doc-gen4 single --build /home/runner/work/veir/veir/docbuild/.lake/build Veir.Dominance https://github.com/opencompl/veir/blob/911a5f8bcd0b16554001064a0c94934c9a5d921c/Veir/Dominance.lean",
   "level": "trace"}],
 "inputs":
 [["<collection>",
   [["/home/runner/work/veir/veir/docbuild/.lake/build/doc/Veir/IR/WellFormed.html",
     "4dc1985216930175"],
    ["/home/runner/work/veir/veir/docbuild/.lake/build/doc/Veir/IR/OpInfo.html",
     "8f7f83e87247e66b"],
    ["/home/runner/work/veir/veir/docbuild/.lake/build/doc/Veir/Rewriter/InsertPoint.html",
     "566100b8e9fd7069"]]],
  ["/home/runner/work/veir/veir/docbuild/.lake/build/doc-data/references.json",
   "16fb262bc340d332"],
  ["/home/runner/work/veir/veir/.lake/packages/doc-gen4/.lake/build/bin/doc-gen4",
   "45cffd04f06e0d6f"],
  ["Veir.Dominance:leanArts", "82d60b3f7c8020c2"]],
 "depHash": "eb00bda70624d5e4"}