{"synthetic": false,
 "schemaVersion": "2025-09-10",
 "outputs": null,
 "log":
 [{"message":
   ".> ELAN=elan ELAN_HOME=/home/runner/.elan ELAN_TOOLCHAIN=leanprover/lean4-nightly:nightly-2026-05-01 LAKE=/home/runner/.elan/toolchains/leanprover--lean4-nightly---nightly-2026-05-01/bin/lake LAKE_HOME=/home/runner/.elan/toolchains/leanprover--lean4-nightly---nightly-2026-05-01 LAKE_CONFIG=/home/runner/.lake/config.toml LAKE_PKG_URL_MAP={} LAKE_NO_CACHE=false LAKE_CACHE_KEY= LAKE_CACHE_ARTIFACT_ENDPOINT= LAKE_CACHE_REVISION_ENDPOINT= LAKE_CACHE_SERVICE= LEAN=/home/runner/.elan/toolchains/leanprover--lean4-nightly---nightly-2026-05-01/bin/lean LEAN_SYSROOT=/home/runner/.elan/toolchains/leanprover--lean4-nightly---nightly-2026-05-01 LEAN_AR=/home/runner/.elan/toolchains/leanprover--lean4-nightly---nightly-2026-05-01/bin/llvm-ar LEAN_CC= LAKE_CACHE_DIR=/home/runner/.elan/toolchains/leanprover--lean4-nightly---nightly-2026-05-01/lake/cache LAKE_ARTIFACT_CACHE= LEAN_PATH=/home/runner/work/veir/veir/.lake/packages/MD4Lean/.lake/build/lib/lean:/home/runner/work/veir/veir/.lake/packages/BibtexQuery/.lake/build/lib/lean:/home/runner/work/veir/veir/.lake/packages/UnicodeBasic/.lake/build/lib/lean:/home/runner/work/veir/veir/.lake/packages/Cli/.lake/build/lib/lean:/home/runner/work/veir/veir/.lake/build/lib/lean:/home/runner/work/veir/veir/.lake/packages/doc-gen4/.lake/build/lib/lean:/home/runner/work/veir/veir/docbuild/.lake/build/lib/lean:/home/runner/.elan/toolchains/leanprover--lean4-nightly---nightly-2026-05-01/lib/lean LEAN_SRC_PATH=/home/runner/work/veir/veir/.lake/packages/MD4Lean:/home/runner/work/veir/veir/.lake/packages/MD4Lean:/home/runner/work/veir/veir/.lake/packages/BibtexQuery:/home/runner/work/veir/veir/.lake/packages/UnicodeBasic:/home/runner/work/veir/veir/.lake/packages/UnicodeBasic:/home/runner/work/veir/veir/.lake/packages/Cli:/home/runner/work/veir/veir/.lake/packages/Cli:/home/runner/work/veir/veir:/home/runner/work/veir/veir:/home/runner/work/veir/veir/.lake/packages/doc-gen4:/home/runner/.elan/toolchains/leanprover--lean4-nightly---nightly-2026-05-01/src/lean/lake LEAN_GITHASH=53db2211243d6617ef764e217d73441093e174f0 PATH LD_LIBRARY_PATH=/home/runner/.elan/toolchains/leanprover--lean4-nightly---nightly-2026-05-01/lib/lean:/home/runner/.elan/toolchains/leanprover--lean4-nightly---nightly-2026-05-01/lib:/home/runner/work/veir/veir/docbuild/.lake/build/lib:/home/runner/work/veir/veir/.lake/packages/doc-gen4/.lake/build/lib:/home/runner/work/veir/veir/.lake/build/lib:/home/runner/work/veir/veir/.lake/packages/Cli/.lake/build/lib:/home/runner/work/veir/veir/.lake/packages/UnicodeBasic/.lake/build/lib:/home/runner/work/veir/veir/.lake/packages/BibtexQuery/.lake/build/lib:/home/runner/work/veir/veir/.lake/packages/MD4Lean/.lake/build/lib /home/runner/work/veir/veir/.lake/packages/doc-gen4/.lake/build/bin/doc-gen4 single --build /home/runner/work/veir/veir/docbuild/.lake/build Veir.GlobalOpInfo https://github.com/opencompl/veir/blob/e3c4ca8817949c1f626b0bf27ceaa410ead667ab/Veir/GlobalOpInfo.lean",
   "level": "trace"},
  {"message":
   "stdout:\nWARNING: Failed to calculate equational lemmata for Veir.instReprPropertiesOf_2: Tactic `simp` failed with a nested error:\n(deterministic) timeout at `simp`, maximum number of heartbeats (5000) has been reached\n\nNote: Use `set_option maxHeartbeats <num>` to set the limit.\n\nHint: Additional diagnostic information may be available using the `set_option diagnostics true` command.\nWARNING: Failed to obtain information for: Veir.instReprPropertiesOf_2: (deterministic) timeout at `whnf`, maximum number of heartbeats (5000) has been reached\n\nNote: Use `set_option maxHeartbeats <num>` to set the limit.(invalid MessageData.lazy, missing context)\nWARNING: Failed to calculate equational lemmata for Veir.instHashablePropertiesOf_2: Tactic `simp` failed with a nested error:\n(deterministic) timeout at `simp`, maximum number of heartbeats (5000) has been reached\n\nNote: Use `set_option maxHeartbeats <num>` to set the limit.\n\nHint: Additional diagnostic information may be available using the `set_option diagnostics true` command.\nWARNING: Failed to obtain information for: Veir.instHashablePropertiesOf_2: (deterministic) timeout at `whnf`, maximum number of heartbeats (5000) has been reached\n\nNote: Use `set_option maxHeartbeats <num>` to set the limit.(invalid MessageData.lazy, missing context)\nWARNING: Failed to calculate equational lemmata for Veir.instInhabitedPropertiesOf_2: Tactic `simp` failed with a nested error:\n(deterministic) timeout at `simp`, maximum number of heartbeats (5000) has been reached\n\nNote: Use `set_option maxHeartbeats <num>` to set the limit.\n\nHint: Additional diagnostic information may be available using the `set_option diagnostics true` command.\nWARNING: Failed to obtain information for: Veir.instInhabitedPropertiesOf_2: (deterministic) timeout at `whnf`, maximum number of heartbeats (5000) has been reached\n\nNote: Use `set_option maxHeartbeats <num>` to set the limit.(invalid MessageData.lazy, missing context)",
   "level": "info"}],
 "inputs":
 [["<collection>",
   [["/home/runner/work/veir/veir/docbuild/.lake/build/doc/Veir/Dialects/Arith/OpInfo.html",
     "8b9562775c13b8ab"],
    ["/home/runner/work/veir/veir/docbuild/.lake/build/doc/Veir/Dialects/LLVM/OpInfo.html",
     "b7d470e16fdd5961"],
    ["/home/runner/work/veir/veir/docbuild/.lake/build/doc/Veir/Dialects/RISCV/OpInfo.html",
     "770eb7d4ecd0bb00"],
    ["/home/runner/work/veir/veir/docbuild/.lake/build/doc/Veir/Dialects/ModArith/OpInfo.html",
     "0364869add3d8138"],
    ["/home/runner/work/veir/veir/docbuild/.lake/build/doc/Veir/Dialects/Cf/OpInfo.html",
     "6c54d3717ad16151"],
    ["/home/runner/work/veir/veir/docbuild/.lake/build/doc/Veir/Dialects/Comb/OpInfo.html",
     "a1733da4b13a5a24"]]],
  ["/home/runner/work/veir/veir/docbuild/.lake/build/doc-data/references.json",
   "16fb262bc340d332"],
  ["/home/runner/work/veir/veir/.lake/packages/doc-gen4/.lake/build/bin/doc-gen4",
   "f746d23b62b69be2"],
  ["Veir.GlobalOpInfo:leanArts", "abb36227c064d728"]],
 "depHash": "d401c2d5c52bee43"}