{"synthetic": false,
 "schemaVersion": "2025-09-10",
 "outputs": null,
 "log":
 [{"message":
   ".> ELAN=elan ELAN_HOME=/home/runner/.elan ELAN_TOOLCHAIN=leanprover/lean4-nightly:nightly-2026-02-23 LAKE=/home/runner/.elan/toolchains/leanprover--lean4-nightly---nightly-2026-02-23/bin/lake LAKE_HOME=/home/runner/.elan/toolchains/leanprover--lean4-nightly---nightly-2026-02-23 LAKE_CONFIG=/home/runner/.lake/config.toml LAKE_PKG_URL_MAP={} LAKE_NO_CACHE=false LAKE_CACHE_KEY= LAKE_CACHE_ARTIFACT_ENDPOINT= LAKE_CACHE_REVISION_ENDPOINT= LAKE_CACHE_SERVICE= LEAN=/home/runner/.elan/toolchains/leanprover--lean4-nightly---nightly-2026-02-23/bin/lean LEAN_SYSROOT=/home/runner/.elan/toolchains/leanprover--lean4-nightly---nightly-2026-02-23 LEAN_AR=/home/runner/.elan/toolchains/leanprover--lean4-nightly---nightly-2026-02-23/bin/llvm-ar LEAN_CC= LAKE_CACHE_DIR=/home/runner/.elan/toolchains/leanprover--lean4-nightly---nightly-2026-02-23/lake/cache LAKE_ARTIFACT_CACHE= LEAN_PATH=/home/runner/work/veir/veir/.lake/packages/MD4Lean/.lake/build/lib/lean:/home/runner/work/veir/veir/.lake/packages/BibtexQuery/.lake/build/lib/lean:/home/runner/work/veir/veir/.lake/packages/UnicodeBasic/.lake/build/lib/lean:/home/runner/work/veir/veir/.lake/packages/Cli/.lake/build/lib/lean:/home/runner/work/veir/veir/.lake/build/lib/lean:/home/runner/work/veir/veir/.lake/packages/doc-gen4/.lake/build/lib/lean:/home/runner/work/veir/veir/docbuild/.lake/build/lib/lean:/home/runner/.elan/toolchains/leanprover--lean4-nightly---nightly-2026-02-23/lib/lean LEAN_SRC_PATH=/home/runner/work/veir/veir/.lake/packages/MD4Lean:/home/runner/work/veir/veir/.lake/packages/MD4Lean:/home/runner/work/veir/veir/.lake/packages/BibtexQuery:/home/runner/work/veir/veir/.lake/packages/UnicodeBasic:/home/runner/work/veir/veir/.lake/packages/UnicodeBasic:/home/runner/work/veir/veir/.lake/packages/Cli:/home/runner/work/veir/veir/.lake/packages/Cli:/home/runner/work/veir/veir:/home/runner/work/veir/veir:/home/runner/work/veir/veir/.lake/packages/doc-gen4:/home/runner/.elan/toolchains/leanprover--lean4-nightly---nightly-2026-02-23/src/lean/lake LEAN_GITHASH=e7e3588c973226e85d79ed0f3154cfca79b61c6f PATH LD_LIBRARY_PATH=/home/runner/.elan/toolchains/leanprover--lean4-nightly---nightly-2026-02-23/lib/lean:/home/runner/.elan/toolchains/leanprover--lean4-nightly---nightly-2026-02-23/lib:/home/runner/work/veir/veir/docbuild/.lake/build/lib:/home/runner/work/veir/veir/.lake/packages/doc-gen4/.lake/build/lib:/home/runner/work/veir/veir/.lake/build/lib:/home/runner/work/veir/veir/.lake/packages/Cli/.lake/build/lib:/home/runner/work/veir/veir/.lake/packages/UnicodeBasic/.lake/build/lib:/home/runner/work/veir/veir/.lake/packages/BibtexQuery/.lake/build/lib:/home/runner/work/veir/veir/.lake/packages/MD4Lean/.lake/build/lib /home/runner/work/veir/veir/.lake/packages/doc-gen4/.lake/build/bin/doc-gen4 single --build /home/runner/work/veir/veir/docbuild/.lake/build Veir.Rewriter.WellFormed.Basic https://github.com/opencompl/veir/blob/396302d6585f057e6446973cf5de252112a7ef5b/Veir/Rewriter/WellFormed/Basic.lean",
   "level": "trace"}],
 "inputs":
 [["<collection>",
   [["/home/runner/work/veir/veir/docbuild/.lake/build/doc/Veir/Rewriter/WellFormed/Block.html",
     "82dbf71372c45338"],
    ["/home/runner/work/veir/veir/docbuild/.lake/build/doc/Veir/Rewriter/WellFormed/BlockOperands.html",
     "ae698d5624d60e54"],
    ["/home/runner/work/veir/veir/docbuild/.lake/build/doc/Veir/Rewriter/WellFormed/IRContext.html",
     "f6c8aab79d04b945"],
    ["/home/runner/work/veir/veir/docbuild/.lake/build/doc/Veir/Rewriter/WellFormed/Operation.html",
     "62c5e97ab2298a7a"],
    ["/home/runner/work/veir/veir/docbuild/.lake/build/doc/Veir/Rewriter/WellFormed/OpOperands.html",
     "e9972a003340c4a4"],
    ["/home/runner/work/veir/veir/docbuild/.lake/build/doc/Veir/Rewriter/WellFormed/OpRegion.html",
     "b49f44b16ea00e1b"],
    ["/home/runner/work/veir/veir/docbuild/.lake/build/doc/Veir/Rewriter/WellFormed/OpResults.html",
     "db5e8b1010d8dc1a"],
    ["/home/runner/work/veir/veir/docbuild/.lake/build/doc/Veir/Rewriter/WellFormed/Region.html",
     "e63321edda95c696"],
    ["/home/runner/work/veir/veir/docbuild/.lake/build/doc/Veir/Rewriter/WellFormed/ReplaceOp.html",
     "1c593a465c388b15"],
    ["/home/runner/work/veir/veir/docbuild/.lake/build/doc/Veir/Rewriter/WellFormed/Value.html",
     "9c31f040c6a81f61"]]],
  ["/home/runner/work/veir/veir/docbuild/.lake/build/doc-data/references.json",
   "16fb262bc340d332"],
  ["/home/runner/work/veir/veir/.lake/packages/doc-gen4/.lake/build/bin/doc-gen4",
   "e9e8954625ba4f9b"],
  ["Veir.Rewriter.WellFormed.Basic:leanArts", "9e9896149e0630ed"]],
 "depHash": "de136734b122be2c"}