{"synthetic": false,
 "schemaVersion": "2025-09-10",
 "outputs": null,
 "log":
 [{"message":
   ".> ELAN=elan ELAN_HOME=/home/runner/.elan ELAN_TOOLCHAIN=leanprover/lean4-nightly:nightly-2026-05-29 LAKE=/home/runner/.elan/toolchains/leanprover--lean4-nightly---nightly-2026-05-29/bin/lake LAKE_HOME=/home/runner/.elan/toolchains/leanprover--lean4-nightly---nightly-2026-05-29 LAKE_CONFIG=/home/runner/.lake/config.toml LAKE_PKG_URL_MAP={} LAKE_NO_CACHE=false LAKE_CACHE_KEY= LAKE_CACHE_ARTIFACT_ENDPOINT= LAKE_CACHE_REVISION_ENDPOINT= LAKE_CACHE_SERVICE= LEAN=/home/runner/.elan/toolchains/leanprover--lean4-nightly---nightly-2026-05-29/bin/lean LEAN_SYSROOT=/home/runner/.elan/toolchains/leanprover--lean4-nightly---nightly-2026-05-29 LEAN_AR=/home/runner/.elan/toolchains/leanprover--lean4-nightly---nightly-2026-05-29/bin/llvm-ar LEAN_CC= LAKE_CACHE_DIR=/home/runner/.elan/toolchains/leanprover--lean4-nightly---nightly-2026-05-29/lake/cache LAKE_ARTIFACT_CACHE= LEAN_PATH=/home/runner/work/veir/veir/ExArray/.lake/build/lib/lean:/home/runner/work/veir/veir/.lake/packages/MD4Lean/.lake/build/lib/lean:/home/runner/work/veir/veir/.lake/packages/BibtexQuery/.lake/build/lib/lean:/home/runner/work/veir/veir/.lake/packages/UnicodeBasic/.lake/build/lib/lean:/home/runner/work/veir/veir/.lake/packages/Cli/.lake/build/lib/lean:/home/runner/work/veir/veir/.lake/build/lib/lean:/home/runner/work/veir/veir/.lake/packages/doc-gen4/.lake/build/lib/lean:/home/runner/work/veir/veir/docbuild/.lake/build/lib/lean:/home/runner/.elan/toolchains/leanprover--lean4-nightly---nightly-2026-05-29/lib/lean LEAN_SRC_PATH=/home/runner/work/veir/veir/ExArray/lean:/home/runner/work/veir/veir/.lake/packages/MD4Lean:/home/runner/work/veir/veir/.lake/packages/MD4Lean:/home/runner/work/veir/veir/.lake/packages/BibtexQuery:/home/runner/work/veir/veir/.lake/packages/UnicodeBasic:/home/runner/work/veir/veir/.lake/packages/UnicodeBasic:/home/runner/work/veir/veir/.lake/packages/Cli:/home/runner/work/veir/veir/.lake/packages/Cli:/home/runner/work/veir/veir:/home/runner/work/veir/veir:/home/runner/work/veir/veir/.lake/packages/doc-gen4:/home/runner/.elan/toolchains/leanprover--lean4-nightly---nightly-2026-05-29/src/lean/lake LEAN_GITHASH=e8bf2783bba2adece4c8aa617faf4aa5370c4564 PATH LD_LIBRARY_PATH=/home/runner/.elan/toolchains/leanprover--lean4-nightly---nightly-2026-05-29/lib/lean:/home/runner/.elan/toolchains/leanprover--lean4-nightly---nightly-2026-05-29/lib:/home/runner/work/veir/veir/docbuild/.lake/build/lib:/home/runner/work/veir/veir/.lake/packages/doc-gen4/.lake/build/lib:/home/runner/work/veir/veir/.lake/build/lib:/home/runner/work/veir/veir/.lake/packages/Cli/.lake/build/lib:/home/runner/work/veir/veir/.lake/packages/UnicodeBasic/.lake/build/lib:/home/runner/work/veir/veir/.lake/packages/BibtexQuery/.lake/build/lib:/home/runner/work/veir/veir/.lake/packages/MD4Lean/.lake/build/lib:/home/runner/work/veir/veir/ExArray/.lake/build/lib /home/runner/work/veir/veir/.lake/packages/doc-gen4/.lake/build/bin/doc-gen4 single --build /home/runner/work/veir/veir/docbuild/.lake/build Veir.Analysis.DataFlow.Facts https://github.com/opencompl/veir/blob/c9d15b13ac6451269428850dcdba8ab0d1504f07/Veir/Analysis/DataFlow/Facts.lean",
   "level": "trace"}],
 "inputs":
 [["<collection>",
   [["/home/runner/work/veir/veir/docbuild/.lake/build/doc/Veir/Analysis/DataFlow/Domains.html",
     "669a1383ebea55c5"],
    ["/home/runner/work/veir/veir/docbuild/.lake/build/doc/Veir/IR/Basic.html",
     "07eeea8e70086741"],
    ["/home/runner/work/veir/veir/docbuild/.lake/build/doc/Veir/GlobalOpInfo.html",
     "4c487fa899c053ba"],
    ["/home/runner/work/veir/veir/docbuild/.lake/build/doc/Veir/Rewriter/InsertPoint.html",
     "5bfd4259c8a2a3d0"]]],
  ["/home/runner/work/veir/veir/docbuild/.lake/build/doc-data/references.json",
   "16fb262bc340d332"],
  ["/home/runner/work/veir/veir/.lake/packages/doc-gen4/.lake/build/bin/doc-gen4",
   "dcff5b1d1f757782"],
  ["Veir.Analysis.DataFlow.Facts:leanArts", "21543c4075ceb619"]],
 "depHash": "c56b0bb6d70742e9"}