{"synthetic": false,
 "schemaVersion": "2025-09-10",
 "outputs": null,
 "log":
 [{"message":
   ".> ELAN=elan ELAN_HOME=/home/runner/.elan ELAN_TOOLCHAIN=leanprover/lean4-nightly:nightly-2026-05-03 LAKE=/home/runner/.elan/toolchains/leanprover--lean4-nightly---nightly-2026-05-03/bin/lake LAKE_HOME=/home/runner/.elan/toolchains/leanprover--lean4-nightly---nightly-2026-05-03 LAKE_CONFIG=/home/runner/.lake/config.toml LAKE_PKG_URL_MAP={} LAKE_NO_CACHE=false LAKE_CACHE_KEY= LAKE_CACHE_ARTIFACT_ENDPOINT= LAKE_CACHE_REVISION_ENDPOINT= LAKE_CACHE_SERVICE= LEAN=/home/runner/.elan/toolchains/leanprover--lean4-nightly---nightly-2026-05-03/bin/lean LEAN_SYSROOT=/home/runner/.elan/toolchains/leanprover--lean4-nightly---nightly-2026-05-03 LEAN_AR=/home/runner/.elan/toolchains/leanprover--lean4-nightly---nightly-2026-05-03/bin/llvm-ar LEAN_CC= LAKE_CACHE_DIR=/home/runner/.elan/toolchains/leanprover--lean4-nightly---nightly-2026-05-03/lake/cache LAKE_ARTIFACT_CACHE= LEAN_PATH=/home/runner/work/veir/veir/.lake/packages/MD4Lean/.lake/build/lib/lean:/home/runner/work/veir/veir/.lake/packages/BibtexQuery/.lake/build/lib/lean:/home/runner/work/veir/veir/.lake/packages/UnicodeBasic/.lake/build/lib/lean:/home/runner/work/veir/veir/.lake/packages/Cli/.lake/build/lib/lean:/home/runner/work/veir/veir/.lake/build/lib/lean:/home/runner/work/veir/veir/.lake/packages/doc-gen4/.lake/build/lib/lean:/home/runner/work/veir/veir/docbuild/.lake/build/lib/lean:/home/runner/.elan/toolchains/leanprover--lean4-nightly---nightly-2026-05-03/lib/lean LEAN_SRC_PATH=/home/runner/work/veir/veir/.lake/packages/MD4Lean:/home/runner/work/veir/veir/.lake/packages/MD4Lean:/home/runner/work/veir/veir/.lake/packages/BibtexQuery:/home/runner/work/veir/veir/.lake/packages/UnicodeBasic:/home/runner/work/veir/veir/.lake/packages/UnicodeBasic:/home/runner/work/veir/veir/.lake/packages/Cli:/home/runner/work/veir/veir/.lake/packages/Cli:/home/runner/work/veir/veir:/home/runner/work/veir/veir:/home/runner/work/veir/veir/.lake/packages/doc-gen4:/home/runner/.elan/toolchains/leanprover--lean4-nightly---nightly-2026-05-03/src/lean/lake LEAN_GITHASH=fe3c7394fd3acb1faecf6fc26f267eb22058fe66 PATH LD_LIBRARY_PATH=/home/runner/.elan/toolchains/leanprover--lean4-nightly---nightly-2026-05-03/lib/lean:/home/runner/.elan/toolchains/leanprover--lean4-nightly---nightly-2026-05-03/lib:/home/runner/work/veir/veir/docbuild/.lake/build/lib:/home/runner/work/veir/veir/.lake/packages/doc-gen4/.lake/build/lib:/home/runner/work/veir/veir/.lake/build/lib:/home/runner/work/veir/veir/.lake/packages/Cli/.lake/build/lib:/home/runner/work/veir/veir/.lake/packages/UnicodeBasic/.lake/build/lib:/home/runner/work/veir/veir/.lake/packages/BibtexQuery/.lake/build/lib:/home/runner/work/veir/veir/.lake/packages/MD4Lean/.lake/build/lib /home/runner/work/veir/veir/.lake/packages/doc-gen4/.lake/build/bin/doc-gen4 single --build /home/runner/work/veir/veir/docbuild/.lake/build Veir.Rewriter.GetSet.CreateOp https://github.com/opencompl/veir/blob/f8b9419ae293008df93ca618a59d94afb0c98e8c/Veir/Rewriter/GetSet/CreateOp.lean",
   "level": "trace"}],
 "inputs":
 [["<collection>",
   [["/home/runner/work/veir/veir/docbuild/.lake/build/doc/Veir/IR/Basic.html",
     "7c6c0217bca73a70"],
    ["/home/runner/work/veir/veir/docbuild/.lake/build/doc/Veir/Rewriter/Basic.html",
     "df1699aa1c9d8212"],
    ["/home/runner/work/veir/veir/docbuild/.lake/build/doc/Veir/Rewriter/LinkedList/GetSet.html",
     "1a970afff43b41fe"],
    ["/home/runner/work/veir/veir/docbuild/.lake/build/doc/Veir/ForLean.html",
     "40f63c4943859d3d"],
    ["/home/runner/work/veir/veir/docbuild/.lake/build/doc/Veir/IR/DeallocLemmas.html",
     "812dba12246e5b30"],
    ["/home/runner/work/veir/veir/docbuild/.lake/build/doc/Veir/Rewriter/GetSet/Operands.html",
     "c7a9c92a0f7e7072"],
    ["/home/runner/work/veir/veir/docbuild/.lake/build/doc/Veir/Rewriter/GetSet/BlockOperands.html",
     "0528a3482523cd38"],
    ["/home/runner/work/veir/veir/docbuild/.lake/build/doc/Veir/Rewriter/GetSet/InsertOp.html",
     "67c6d825828aa0a1"],
    ["/home/runner/work/veir/veir/docbuild/.lake/build/doc/Veir/Rewriter/GetSet/Results.html",
     "6f0b82a6c78e87cd"],
    ["/home/runner/work/veir/veir/docbuild/.lake/build/doc/Veir/Rewriter/GetSet/Regions.html",
     "b022794977dc5280"]]],
  ["/home/runner/work/veir/veir/docbuild/.lake/build/doc-data/references.json",
   "16fb262bc340d332"],
  ["/home/runner/work/veir/veir/.lake/packages/doc-gen4/.lake/build/bin/doc-gen4",
   "513926664a45af8b"],
  ["Veir.Rewriter.GetSet.CreateOp:leanArts", "be572b236bd51d1d"]],
 "depHash": "6cc894ab8f1e87b4"}