{"synthetic": false,
 "schemaVersion": "2025-09-10",
 "outputs": null,
 "log":
 [{"message":
   ".> ELAN=elan ELAN_HOME=/home/runner/.elan ELAN_TOOLCHAIN=leanprover/lean4-nightly:nightly-2026-05-07 LAKE=/home/runner/.elan/toolchains/leanprover--lean4-nightly---nightly-2026-05-07/bin/lake LAKE_HOME=/home/runner/.elan/toolchains/leanprover--lean4-nightly---nightly-2026-05-07 LAKE_CONFIG=/home/runner/.lake/config.toml LAKE_PKG_URL_MAP={} LAKE_NO_CACHE=false LAKE_CACHE_KEY= LAKE_CACHE_ARTIFACT_ENDPOINT= LAKE_CACHE_REVISION_ENDPOINT= LAKE_CACHE_SERVICE= LEAN=/home/runner/.elan/toolchains/leanprover--lean4-nightly---nightly-2026-05-07/bin/lean LEAN_SYSROOT=/home/runner/.elan/toolchains/leanprover--lean4-nightly---nightly-2026-05-07 LEAN_AR=/home/runner/.elan/toolchains/leanprover--lean4-nightly---nightly-2026-05-07/bin/llvm-ar LEAN_CC= LAKE_CACHE_DIR=/home/runner/.elan/toolchains/leanprover--lean4-nightly---nightly-2026-05-07/lake/cache LAKE_ARTIFACT_CACHE= LEAN_PATH=/home/runner/work/veir/veir/.lake/packages/MD4Lean/.lake/build/lib/lean:/home/runner/work/veir/veir/.lake/packages/BibtexQuery/.lake/build/lib/lean:/home/runner/work/veir/veir/.lake/packages/UnicodeBasic/.lake/build/lib/lean:/home/runner/work/veir/veir/.lake/packages/Cli/.lake/build/lib/lean:/home/runner/work/veir/veir/.lake/build/lib/lean:/home/runner/work/veir/veir/.lake/packages/doc-gen4/.lake/build/lib/lean:/home/runner/work/veir/veir/docbuild/.lake/build/lib/lean:/home/runner/.elan/toolchains/leanprover--lean4-nightly---nightly-2026-05-07/lib/lean LEAN_SRC_PATH=/home/runner/work/veir/veir/.lake/packages/MD4Lean:/home/runner/work/veir/veir/.lake/packages/MD4Lean:/home/runner/work/veir/veir/.lake/packages/BibtexQuery:/home/runner/work/veir/veir/.lake/packages/UnicodeBasic:/home/runner/work/veir/veir/.lake/packages/UnicodeBasic:/home/runner/work/veir/veir/.lake/packages/Cli:/home/runner/work/veir/veir/.lake/packages/Cli:/home/runner/work/veir/veir:/home/runner/work/veir/veir:/home/runner/work/veir/veir/.lake/packages/doc-gen4:/home/runner/.elan/toolchains/leanprover--lean4-nightly---nightly-2026-05-07/src/lean/lake LEAN_GITHASH=5d5642107d0433519265f155ddbfbfb98007a80b PATH LD_LIBRARY_PATH=/home/runner/.elan/toolchains/leanprover--lean4-nightly---nightly-2026-05-07/lib/lean:/home/runner/.elan/toolchains/leanprover--lean4-nightly---nightly-2026-05-07/lib:/home/runner/work/veir/veir/docbuild/.lake/build/lib:/home/runner/work/veir/veir/.lake/packages/doc-gen4/.lake/build/lib:/home/runner/work/veir/veir/.lake/build/lib:/home/runner/work/veir/veir/.lake/packages/Cli/.lake/build/lib:/home/runner/work/veir/veir/.lake/packages/UnicodeBasic/.lake/build/lib:/home/runner/work/veir/veir/.lake/packages/BibtexQuery/.lake/build/lib:/home/runner/work/veir/veir/.lake/packages/MD4Lean/.lake/build/lib /home/runner/work/veir/veir/.lake/packages/doc-gen4/.lake/build/bin/doc-gen4 single --build /home/runner/work/veir/veir/docbuild/.lake/build Veir.Rewriter.GetSet.Regions https://github.com/opencompl/veir/blob/32c4ddf2619742a2b64488598e3e17495425bb2f/Veir/Rewriter/GetSet/Regions.lean",
   "level": "trace"}],
 "inputs":
 [["<collection>",
   [["/home/runner/work/veir/veir/docbuild/.lake/build/doc/Veir/IR/Basic.html",
     "15a6a73dbb904ecb"],
    ["/home/runner/work/veir/veir/docbuild/.lake/build/doc/Veir/Rewriter/Basic.html",
     "cd98fd2c9c5b61f7"],
    ["/home/runner/work/veir/veir/docbuild/.lake/build/doc/Veir/Rewriter/LinkedList/GetSet.html",
     "758e8f9d3de23c5b"],
    ["/home/runner/work/veir/veir/docbuild/.lake/build/doc/Veir/ForLean.html",
     "a723ac846679956a"],
    ["/home/runner/work/veir/veir/docbuild/.lake/build/doc/Veir/IR/DeallocLemmas.html",
     "345d14fad65486c8"]]],
  ["/home/runner/work/veir/veir/docbuild/.lake/build/doc-data/references.json",
   "16fb262bc340d332"],
  ["/home/runner/work/veir/veir/.lake/packages/doc-gen4/.lake/build/bin/doc-gen4",
   "ec19469d43db8e96"],
  ["Veir.Rewriter.GetSet.Regions:leanArts", "ae59394bba4e7284"]],
 "depHash": "156dc8352da03d12"}