{"synthetic": false,
 "schemaVersion": "2025-09-10",
 "outputs": null,
 "log":
 [{"message": "Documentation indexing", "level": "info"},
  {"message":
   ".> /home/runner/work/veir/veir/.lake/packages/doc-gen4/.lake/build/bin/doc-gen4 index --build /home/runner/work/veir/veir/docbuild/.lake/build",
   "level": "trace"}],
 "inputs":
 [["/home/runner/work/veir/veir/docbuild/.lake/build/doc-data/references.json",
   "16fb262bc340d332"],
  ["/home/runner/work/veir/veir/.lake/packages/doc-gen4/.lake/build/bin/doc-gen4",
   "9515286c114fdef8"],
  ["<nil>", "a8924513e7eb2428"],
  ["<collection>",
   [["/home/runner/work/veir/veir/docbuild/.lake/build/doc/Veir/Data/LLVM/Int/Basic.html",
     "34a0822367d88434"],
    ["/home/runner/work/veir/veir/docbuild/.lake/build/doc/Veir/ForLean.html",
     "f92de3562c5806cc"],
    ["/home/runner/work/veir/veir/docbuild/.lake/build/doc/Veir/Data/LLVM/Int/Lemmas.html",
     "c9f529e323f98074"],
    ["/home/runner/work/veir/veir/docbuild/.lake/build/doc/Veir/Data/LLVM/Int.html",
     "16aa930c5f4b8dc6"],
    ["/home/runner/work/veir/veir/docbuild/.lake/build/doc/Veir/Data/LLVM/Byte/Basic.html",
     "ecec1912fc74eeb5"],
    ["/home/runner/work/veir/veir/docbuild/.lake/build/doc/Veir/Data/LLVM/Byte/Lemmas.html",
     "a6e478e0c9863c6c"],
    ["/home/runner/work/veir/veir/docbuild/.lake/build/doc/Veir/Data/LLVM/Byte/Examples.html",
     "ceb9ff9b9f177eea"],
    ["/home/runner/work/veir/veir/docbuild/.lake/build/doc/Veir/Data/LLVM/Byte.html",
     "021f43e71a7cf2f8"],
    ["/home/runner/work/veir/veir/docbuild/.lake/build/doc/Veir/Data/LLVM.html",
     "a2ed4c450b5324dd"],
    ["/home/runner/work/veir/veir/docbuild/.lake/build/doc/Veir/Data/FP/PackedFloat/Basic.html",
     "480e191fe55a468a"],
    ["/home/runner/work/veir/veir/docbuild/.lake/build/doc/Veir/Data/FP/PackedFloat/OfFloat.html",
     "6cc3c45d03371228"],
    ["/home/runner/work/veir/veir/docbuild/.lake/build/doc/Veir/Data/FP/PackedFloat.html",
     "76d8a5260b9c9790"],
    ["/home/runner/work/veir/veir/docbuild/.lake/build/doc/Veir/Data/FP.html",
     "fef696fee59450e6"],
    ["/home/runner/work/veir/veir/docbuild/.lake/build/doc/Veir/Data.html",
     "babe235bb19b265d"],
    ["/home/runner/work/veir/veir/docbuild/.lake/build/doc/Veir/Prelude.html",
     "0a5875ebce061066"],
    ["/home/runner/work/veir/veir/docbuild/.lake/build/doc/Veir/IR/OpInfo.html",
     "f895f2d8f7d60f74"],
    ["/home/runner/work/veir/veir/docbuild/.lake/build/doc/Veir/IR/Attribute.html",
     "929154b1a0d7ca65"],
    ["/home/runner/work/veir/veir/docbuild/.lake/build/doc/Veir/IR/Simp.html",
     "46a9c1faa9005366"],
    ["/home/runner/work/veir/veir/docbuild/.lake/build/doc/Veir/IR/Basic.html",
     "513809d93a52a1b6"],
    ["/home/runner/work/veir/veir/docbuild/.lake/build/doc/Veir/IR/InBounds.html",
     "7799f6beb2f5808f"],
    ["/home/runner/work/veir/veir/docbuild/.lake/build/doc/Veir/IR/GetSet.html",
     "036bfab36aaa00e8"],
    ["/home/runner/work/veir/veir/docbuild/.lake/build/doc/Veir/IR/Fields.html",
     "cd62c9fe02db925d"],
    ["/home/runner/work/veir/veir/docbuild/.lake/build/doc/Veir/IR/Grind.html",
     "9a6a330d753d3657"],
    ["/home/runner/work/veir/veir/docbuild/.lake/build/doc/Veir/IR/WellFormed.html",
     "c4e73412ac61ab0d"],
    ["/home/runner/work/veir/veir/docbuild/.lake/build/doc/Veir/IR.html",
     "8ad2fd7fa3882f0c"],
    ["/home/runner/work/veir/veir/docbuild/.lake/build/doc/Veir/Rewriter/InsertPoint.html",
     "b9f8741c7b215ffd"],
    ["/home/runner/work/veir/veir/docbuild/.lake/build/doc/Veir/Rewriter/LinkedList/Basic.html",
     "c4faa877a976278f"],
    ["/home/runner/work/veir/veir/docbuild/.lake/build/doc/Veir/Rewriter/LinkedList/GetSet.html",
     "1b6deb8ed0c021a5"],
    ["/home/runner/work/veir/veir/docbuild/.lake/build/doc/Veir/Rewriter/LinkedList/WellFormed.html",
     "4d538e03b35cc53c"],
    ["/home/runner/work/veir/veir/docbuild/.lake/build/doc/Veir/Rewriter/LinkedList.html",
     "d9a2e9bd51e6fa8d"],
    ["/home/runner/work/veir/veir/docbuild/.lake/build/doc/Veir/Rewriter/Basic.html",
     "e5a54fab59c0cd3f"],
    ["/home/runner/work/veir/veir/docbuild/.lake/build/doc/Veir/IR/DeallocLemmas.html",
     "fe149966ba8cf6d7"],
    ["/home/runner/work/veir/veir/docbuild/.lake/build/doc/Veir/Rewriter/GetSetInBounds.html",
     "1f8f0c715e2ea686"],
    ["/home/runner/work/veir/veir/docbuild/.lake/build/doc/Veir/Rewriter/WellFormed/Block.html",
     "f38869ff67b170ca"],
    ["/home/runner/work/veir/veir/docbuild/.lake/build/doc/Veir/Rewriter/WellFormed/BlockOperands.html",
     "4cae1c90ff9312b6"],
    ["/home/runner/work/veir/veir/docbuild/.lake/build/doc/Veir/Rewriter/WellFormed/Region.html",
     "97acc8e074a00fab"],
    ["/home/runner/work/veir/veir/docbuild/.lake/build/doc/Veir/Rewriter/WellFormed/OpOperands.html",
     "8710bc81614ed8a0"],
    ["/home/runner/work/veir/veir/docbuild/.lake/build/doc/Veir/Rewriter/WellFormed/OpRegion.html",
     "b2fc7680e79a7fb7"],
    ["/home/runner/work/veir/veir/docbuild/.lake/build/doc/Veir/Rewriter/WellFormed/OpResults.html",
     "a3906b5146fea771"],
    ["/home/runner/work/veir/veir/docbuild/.lake/build/doc/Veir/Rewriter/WellFormed/Operation.html",
     "505a1df2e25fd1cb"],
    ["/home/runner/work/veir/veir/docbuild/.lake/build/doc/Veir/Rewriter/WellFormed/IRContext.html",
     "e003e3d6c401c42a"],
    ["/home/runner/work/veir/veir/docbuild/.lake/build/doc/Veir/Rewriter/WellFormed/Value.html",
     "32deaef7467fdb08"],
    ["/home/runner/work/veir/veir/docbuild/.lake/build/doc/Veir/Rewriter/WellFormed/ReplaceOp.html",
     "e539370d54fc43d3"],
    ["/home/runner/work/veir/veir/docbuild/.lake/build/doc/Veir/Rewriter/WellFormed.html",
     "83ca27aaaec507f5"],
    ["/home/runner/work/veir/veir/docbuild/.lake/build/doc/Veir/Meta/Attrs.html",
     "300ae9c8181c0f2e"],
    ["/home/runner/work/veir/veir/docbuild/.lake/build/doc/Veir/Meta/OpCode.html",
     "a3acf0fc0189b5df"],
    ["/home/runner/work/veir/veir/docbuild/.lake/build/doc/Veir/OpCode.html",
     "dff94a05c10bda58"],
    ["/home/runner/work/veir/veir/docbuild/.lake/build/doc/Veir/Properties.html",
     "02c83f75ce60559d"],
    ["/home/runner/work/veir/veir/docbuild/.lake/build/doc/Veir/Rewriter/InlineBlock.html",
     "d86a3458160a287b"],
    ["/home/runner/work/veir/veir/docbuild/.lake/build/doc/Veir/Rewriter/WfRewriter.html",
     "a6f00a323aff97ae"],
    ["/home/runner/work/veir/veir/docbuild/.lake/build/doc/Veir/Dialects/Arith/OpInfo.html",
     "c73a12fcd330625a"],
    ["/home/runner/work/veir/veir/docbuild/.lake/build/doc/Veir/Dialects/LLVM/OpInfo.html",
     "09bead92fc4a9bd5"],
    ["/home/runner/work/veir/veir/docbuild/.lake/build/doc/Veir/Dialects/RISCV/OpInfo.html",
     "6d7afcb2165015a8"],
    ["/home/runner/work/veir/veir/docbuild/.lake/build/doc/Veir/Dialects/ModArith/OpInfo.html",
     "0928c4ec88d45818"],
    ["/home/runner/work/veir/veir/docbuild/.lake/build/doc/Veir/Dialects/Cf/OpInfo.html",
     "5f8334531967304a"],
    ["/home/runner/work/veir/veir/docbuild/.lake/build/doc/Veir/Dialects/Comb/OpInfo.html",
     "9629973d0529bd15"],
    ["/home/runner/work/veir/veir/docbuild/.lake/build/doc/Veir/GlobalOpInfo.html",
     "1d058481f8ea45b4"],
    ["/home/runner/work/veir/veir/docbuild/.lake/build/doc/Veir/Printer.html",
     "2d0173aa754a6cfd"],
    ["/home/runner/work/veir/veir/docbuild/.lake/build/doc/Veir/PatternRewriter/Basic.html",
     "0ffc49d2eb22b915"],
    ["/home/runner/work/veir/veir/docbuild/.lake/build/doc/Veir/Benchmarks.html",
     "7a769a8427d12155"],
    ["/home/runner/work/veir/veir/docbuild/.lake/build/doc/Veir/Parser/Lexer.html",
     "f25597d377ad0b31"],
    ["/home/runner/work/veir/veir/docbuild/.lake/build/doc/Veir/Data/RISCV/Reg/Simp.html",
     "94c88202f47148f2"],
    ["/home/runner/work/veir/veir/docbuild/.lake/build/doc/Veir/Data/RISCV/Reg/Basic.html",
     "53d3f731759b6884"],
    ["/home/runner/work/veir/veir/docbuild/.lake/build/doc/Veir/Data/Casting.html",
     "02e255dad22d0150"],
    ["/home/runner/work/veir/veir/docbuild/.lake/build/doc/Veir/Interpreter/Basic.html",
     "34983bd379b32c42"],
    ["/home/runner/work/veir/veir/docbuild/.lake/build/doc/Veir/Dominance.html",
     "42e6bde01c041d38"],
    ["/home/runner/work/veir/veir/docbuild/.lake/build/doc/Veir/Interpreter/Lemmas.html",
     "ffd13ed4e89e1759"],
    ["/home/runner/work/veir/veir/docbuild/.lake/build/doc/Veir/Interpreter/EquationLemma.html",
     "e6ee0b49346cf5a9"],
    ["/home/runner/work/veir/veir/docbuild/.lake/build/doc/Veir/Interpreter.html",
     "0f2979416888c6e7"],
    ["/home/runner/work/veir/veir/docbuild/.lake/build/doc/Veir.html",
     "07378111eecd5b14"]]]],
 "depHash": "cf89805acec44cbd"}